<?xml version="1.0" encoding="UTF-8"?>
<!-- Generated by org.testng.reporters.JUnitReportReporter -->
<testsuite hostname="RMoritz" failures="0" tests="1" name="contactUs.ContactUsTests" time="6.345" errors="0" timestamp="2020-07-02T21:53:58 CDT" skipped="0">
  <testcase classname="contactUs.ContactUsTests" name="fillOutContactUsForm" time="6.345"/>
  <system-out/>
</testsuite> <!-- contactUs.ContactUsTests -->
