<?xml version="1.0" encoding="UTF-8"?>
<!-- Generated by org.testng.reporters.JUnitReportReporter -->
<testsuite hostname="RMoritz" failures="0" tests="1" name="profile.CreatingProfileTests" time="10.596" errors="0" timestamp="2020-07-02T21:53:58 CDT" skipped="0">
  <testcase classname="profile.CreatingProfileTests" name="createRxProfile" time="10.596"/>
  <system-out/>
</testsuite> <!-- profile.CreatingProfileTests -->
